SF:lib\src\core\utils\network_info.dart
DA:11,1
DA:14,1
DA:15,3
DA:16,1
LF:4
LH:4
end_of_record
SF:lib\src\core\errors\exceptions.dart
DA:5,1
DA:14,1
LF:2
LH:2
end_of_record
SF:lib\src\features\countries\data\datasources\local\country_local_data_source.dart
DA:19,1
DA:24,1
DA:26,2
DA:28,1
DA:32,1
DA:33,1
DA:39,0
DA:41,0
DA:43,0
DA:45,0
DA:46,0
DA:50,0
DA:53,0
DA:55,0
DA:56,0
LF:15
LH:6
end_of_record
SF:lib\src\features\countries\data\models\country_model.dart
DA:88,5
DA:114,5
DA:142,10
DA:143,5
DA:144,20
DA:145,5
DA:146,5
DA:147,20
DA:148,5
DA:149,20
DA:150,5
DA:151,5
DA:152,5
DA:153,20
DA:154,20
DA:155,5
DA:156,15
DA:157,10
DA:158,20
DA:159,20
DA:160,5
DA:161,5
DA:162,5
DA:163,20
DA:165,5
DA:166,20
DA:168,10
DA:169,5
DA:170,5
DA:171,20
DA:173,5
DA:176,2
DA:177,1
DA:178,4
DA:179,1
DA:180,1
DA:181,1
DA:182,4
DA:184,1
DA:185,1
DA:186,4
DA:188,1
DA:189,1
DA:190,1
DA:191,3
DA:192,1
DA:193,1
DA:194,1
DA:195,4
DA:196,1
DA:197,4
DA:199,1
DA:200,1
DA:201,1
DA:202,5
DA:204,1
DA:205,5
DA:207,3
DA:208,1
DA:209,1
DA:210,5
DA:212,1
LF:62
LH:62
end_of_record
SF:lib\src\features\countries\data\models\country_model.g.dart
DA:13,0
DA:15,0
DA:16,0
DA:17,0
DA:19,0
DA:20,0
DA:21,0
DA:22,0
DA:23,0
DA:24,0
DA:25,0
DA:26,0
DA:27,0
DA:28,0
DA:29,0
DA:30,0
DA:31,0
DA:32,0
DA:33,0
DA:34,0
DA:35,0
DA:36,0
DA:37,0
DA:38,0
DA:39,0
DA:40,0
DA:41,0
DA:42,0
DA:43,0
DA:44,0
DA:48,0
DA:51,0
DA:52,0
DA:53,0
DA:54,0
DA:55,0
DA:56,0
DA:57,0
DA:58,0
DA:59,0
DA:60,0
DA:61,0
DA:62,0
DA:63,0
DA:64,0
DA:65,0
DA:66,0
DA:67,0
DA:68,0
DA:69,0
DA:70,0
DA:71,0
DA:72,0
DA:73,0
DA:74,0
DA:75,0
DA:76,0
DA:77,0
DA:78,0
DA:79,0
DA:80,0
DA:81,0
DA:82,0
DA:83,0
DA:84,0
DA:85,0
DA:86,0
DA:87,0
DA:88,0
DA:89,0
DA:90,0
DA:91,0
DA:92,0
DA:93,0
DA:94,0
DA:95,0
DA:96,0
DA:97,0
DA:98,0
DA:99,0
DA:100,0
DA:101,0
DA:104,0
DA:105,0
DA:107,0
DA:110,0
DA:111,0
DA:112,0
LF:88
LH:0
end_of_record
SF:lib\src\features\countries\domain\entities\country.dart
DA:35,5
DA:63,3
DA:64,3
DA:65,3
DA:66,3
DA:67,3
DA:68,3
DA:69,3
DA:70,3
DA:71,3
DA:72,3
DA:73,3
DA:74,3
DA:75,3
DA:76,3
DA:77,3
DA:78,3
DA:79,3
DA:80,3
DA:81,3
DA:82,3
DA:83,3
DA:84,3
DA:85,3
DA:86,3
DA:87,3
DA:88,3
DA:89,3
LF:28
LH:28
end_of_record
SF:lib\src\features\countries\data\models\translations_model.g.dart
DA:13,0
DA:15,0
DA:16,0
DA:17,0
DA:19,0
DA:20,0
DA:21,0
DA:22,0
DA:23,0
DA:24,0
DA:25,0
DA:26,0
DA:27,0
DA:28,0
DA:29,0
DA:33,0
DA:36,0
DA:37,0
DA:38,0
DA:39,0
DA:40,0
DA:41,0
DA:42,0
DA:43,0
DA:44,0
DA:45,0
DA:46,0
DA:47,0
DA:48,0
DA:49,0
DA:50,0
DA:51,0
DA:52,0
DA:53,0
DA:54,0
DA:55,0
DA:56,0
DA:59,0
DA:60,0
DA:62,0
DA:65,0
DA:66,0
DA:67,0
LF:43
LH:0
end_of_record
SF:lib\src\features\countries\data\models\translations_model.dart
DA:38,6
DA:49,6
DA:62,6
DA:63,6
DA:64,6
DA:65,6
DA:66,6
DA:67,6
DA:68,6
DA:69,6
DA:70,6
DA:71,6
DA:72,6
DA:73,6
DA:76,4
DA:77,2
DA:78,2
DA:79,2
DA:80,2
DA:81,2
DA:82,2
DA:83,2
DA:84,2
DA:85,2
DA:86,2
LF:25
LH:25
end_of_record
SF:lib\src\features\countries\domain\entities\translations.dart
DA:15,6
DA:28,4
DA:29,4
DA:30,4
DA:31,4
DA:32,4
DA:33,4
DA:34,4
DA:35,4
DA:36,4
DA:37,4
DA:38,4
DA:39,4
LF:13
LH:13
end_of_record
SF:lib\src\features\countries\data\models\currency_model.dart
DA:17,6
DA:21,6
DA:27,12
DA:28,6
DA:29,6
DA:30,6
DA:33,4
DA:34,2
DA:35,2
DA:36,2
LF:10
LH:10
end_of_record
SF:lib\src\features\countries\data\models\currency_model.g.dart
DA:13,0
DA:15,0
DA:16,0
DA:17,0
DA:19,0
DA:20,0
DA:21,0
DA:22,0
DA:26,0
DA:29,0
DA:30,0
DA:31,0
DA:32,0
DA:33,0
DA:34,0
DA:35,0
DA:38,0
DA:39,0
DA:41,0
DA:44,0
DA:45,0
DA:46,0
LF:22
LH:0
end_of_record
SF:lib\src\features\countries\data\models\language_model.dart
DA:20,6
DA:25,6
DA:32,12
DA:33,6
DA:34,6
DA:35,6
DA:36,6
DA:39,4
DA:40,2
DA:41,2
DA:42,2
DA:43,2
LF:12
LH:12
end_of_record
SF:lib\src\features\countries\data\models\language_model.g.dart
DA:13,0
DA:15,0
DA:16,0
DA:17,0
DA:19,0
DA:20,0
DA:21,0
DA:22,0
DA:23,0
DA:27,0
DA:30,0
DA:31,0
DA:32,0
DA:33,0
DA:34,0
DA:35,0
DA:36,0
DA:37,0
DA:38,0
DA:41,0
DA:42,0
DA:44,0
DA:47,0
DA:48,0
DA:49,0
LF:25
LH:0
end_of_record
SF:lib\src\features\countries\data\models\regional_bloc_model.dart
DA:20,6
DA:25,6
DA:32,6
DA:33,6
DA:34,6
DA:35,6
DA:36,24
DA:37,24
DA:40,4
DA:41,2
DA:42,2
DA:43,2
DA:44,7
DA:46,2
DA:47,8
LF:15
LH:15
end_of_record
SF:lib\src\features\countries\data\models\regional_bloc_model.g.dart
DA:13,0
DA:15,0
DA:16,0
DA:17,0
DA:19,0
DA:20,0
DA:21,0
DA:22,0
DA:23,0
DA:27,0
DA:30,0
DA:31,0
DA:32,0
DA:33,0
DA:34,0
DA:35,0
DA:36,0
DA:37,0
DA:38,0
DA:41,0
DA:42,0
DA:44,0
DA:47,0
DA:48,0
DA:49,0
LF:25
LH:0
end_of_record
SF:lib\src\features\countries\domain\entities\currency.dart
DA:8,6
DA:14,4
DA:15,4
DA:16,4
DA:17,4
DA:18,4
LF:6
LH:6
end_of_record
SF:lib\src\features\countries\domain\entities\language.dart
DA:9,6
DA:16,4
DA:17,4
DA:18,4
DA:19,4
DA:20,4
DA:21,4
LF:7
LH:7
end_of_record
SF:lib\src\features\countries\domain\entities\regional_bloc.dart
DA:9,6
DA:16,4
DA:17,4
DA:18,4
DA:19,4
DA:20,4
DA:21,4
LF:7
LH:7
end_of_record
SF:lib\src\features\countries\data\datasources\remote\country_remote_data_source.dart
DA:18,1
DA:23,1
DA:24,4
DA:26,2
DA:27,1
DA:28,1
DA:29,1
DA:34,2
DA:36,0
LF:9
LH:8
end_of_record
SF:lib\src\features\countries\data\repositories\country_repository_impl.dart
DA:16,1
DA:23,1
DA:27,3
DA:28,3
DA:30,3
DA:33,1
DA:36,0
DA:37,0
DA:38,0
DA:39,0
DA:41,0
DA:42,0
DA:43,0
DA:49,1
DA:51,3
DA:52,1
DA:55,0
DA:56,0
DA:57,0
LF:19
LH:9
end_of_record
SF:lib\src\core\errors\failures.dart
DA:6,0
DA:8,0
DA:9,0
DA:16,0
DA:25,0
LF:5
LH:0
end_of_record
SF:lib\src\features\countries\domain\usecases\get_country.dart
DA:10,1
DA:14,1
DA:16,2
LF:3
LH:3
end_of_record
SF:lib\src\core\usecases\usecase.dart
DA:10,0
DA:11,0
LF:2
LH:0
end_of_record
